<?xml version="1.0" encoding="UTF-8"?>
<!-- Generated by org.testng.reporters.JUnitXMLReporter -->
<testsuite hostname="LAPTOP-7M1CKVVQ" ignored="0" name="HomepageTest" tests="1" failures="0" timestamp="2019-11-22T13:26:23 IST" time="0.047" errors="0">
  <testcase name="@BeforeMethod init" time="-1.574409383435E9" classname="com.base.test.Basetest">
    <failure type="org.testng.TestNGException" message="
Parameter &amp;apos;testEnvironment&amp;apos; is required by BeforeMethod on method init but has not been marked @Optional or defined
in D:\eclipse-workspace\Think954\testng.xml">
      <![CDATA[org.testng.TestNGException: 
Parameter 'testEnvironment' is required by BeforeMethod on method init but has not been marked @Optional or defined
in D:\eclipse-workspace\Think954\testng.xml
at java.util.ArrayList.forEach(ArrayList.java:1257)
... Removed 28 stack frames]]>
    </failure>
  </testcase> <!-- @BeforeMethod init -->
  <testcase name="@BeforeMethod init" time="-1.574409383435E9" classname="com.think954.flows.Homepageoperations">
    <skipped/>
  </testcase> <!-- @BeforeMethod init -->
  <testcase name="@AfterMethod kill" time="-1.574409383451E9" classname="com.base.test.Basetest">
    <skipped/>
  </testcase> <!-- @AfterMethod kill -->
  <testcase name="Menubuttonclick" time="0.0" classname="com.think954.flows.Homepageoperations">
    <skipped/>
  </testcase> <!-- Menubuttonclick -->
</testsuite> <!-- HomepageTest -->
